0 info it worked if it ends with ok
1 verbose cli [ '/usr/local/bin/node', '/usr/local/bin/npm', 'publish' ]
2 info using npm@3.8.3
3 info using node@v4.2.6
4 verbose publish [ '.' ]
5 silly cache add args [ '.', null ]
6 verbose cache add spec .
7 silly cache add parsed spec Result {
7 silly cache add   raw: '.',
7 silly cache add   scope: null,
7 silly cache add   name: null,
7 silly cache add   rawSpec: '.',
7 silly cache add   spec: '/Users/vishnumishra/Documents/eqtribe Projects/fpo/eq_module_scafold',
7 silly cache add   type: 'directory' }
8 verbose addLocalDirectory /Users/vishnumishra/.npm/eq_module_scafold/0.0.1/package.tgz not in flight; packing
9 verbose correctMkdir /Users/vishnumishra/.npm correctMkdir not in flight; initializing
10 info lifecycle eq_module_scafold@0.0.1~prepublish: eq_module_scafold@0.0.1
11 silly lifecycle eq_module_scafold@0.0.1~prepublish: no script for prepublish, continuing
12 verbose tar pack [ '/Users/vishnumishra/.npm/eq_module_scafold/0.0.1/package.tgz',
12 verbose tar pack   '/Users/vishnumishra/Documents/eqtribe Projects/fpo/eq_module_scafold' ]
13 verbose tarball /Users/vishnumishra/.npm/eq_module_scafold/0.0.1/package.tgz
14 verbose folder /Users/vishnumishra/Documents/eqtribe Projects/fpo/eq_module_scafold
15 verbose addLocalTarball adding from inside cache /Users/vishnumishra/.npm/eq_module_scafold/0.0.1/package.tgz
16 verbose correctMkdir /Users/vishnumishra/.npm correctMkdir not in flight; initializing
17 silly cache afterAdd eq_module_scafold@0.0.1
18 verbose afterAdd /Users/vishnumishra/.npm/eq_module_scafold/0.0.1/package/package.json not in flight; writing
19 verbose correctMkdir /Users/vishnumishra/.npm correctMkdir not in flight; initializing
20 verbose afterAdd /Users/vishnumishra/.npm/eq_module_scafold/0.0.1/package/package.json written
21 silly publish { name: 'eq_module_scafold',
21 silly publish   version: '0.0.1',
21 silly publish   description: 'This is the scafolding module for the eqtribe modules',
21 silly publish   main: 'index.js',
21 silly publish   sails: { isHook: true },
21 silly publish   scripts: { test: 'echo "Error: no test specified" && exit 1' },
21 silly publish   repository:
21 silly publish    { type: 'git',
21 silly publish      url: 'git+https://github.com/vishnumishra/eq_module_scafold.git' },
21 silly publish   keywords: [ 'eqtribe', 'eq' ],
21 silly publish   author: { name: 'vishnu mishra', email: 'cybercognizant@gmail.com' },
21 silly publish   license: 'ISC',
21 silly publish   readme: 'eq_module_scafold\n=========\n\nA small library which will help to create the sails.js custom hook\n\n## Installation\n\n  npm i eq_module_scafold --save\n\n## Usage\n\n\t### Add custom module and controller to the sails app\n\n## Release History\n\n* 0.0.1 Initial release',
21 silly publish   readmeFilename: 'README.md',
21 silly publish   gitHead: 'f4b86d98c8559a1141181fae7a123a848248f647',
21 silly publish   bugs: { url: 'https://github.com/vishnumishra/eq_module_scafold/issues' },
21 silly publish   homepage: 'https://github.com/vishnumishra/eq_module_scafold#readme',
21 silly publish   _id: 'eq_module_scafold@0.0.1',
21 silly publish   _shasum: 'abbed333dd1ab5e11b6476f2006ac49d461d0695',
21 silly publish   _from: '.' }
22 verbose getPublishConfig undefined
23 silly mapToRegistry name eq_module_scafold
24 silly mapToRegistry using default registry
25 silly mapToRegistry registry https://registry.npmjs.org/
26 silly mapToRegistry data Result {
26 silly mapToRegistry   raw: 'eq_module_scafold',
26 silly mapToRegistry   scope: null,
26 silly mapToRegistry   name: 'eq_module_scafold',
26 silly mapToRegistry   rawSpec: '',
26 silly mapToRegistry   spec: 'latest',
26 silly mapToRegistry   type: 'tag' }
27 silly mapToRegistry uri https://registry.npmjs.org/eq_module_scafold
28 verbose publish registryBase https://registry.npmjs.org/
29 silly publish uploading /Users/vishnumishra/.npm/eq_module_scafold/0.0.1/package.tgz
30 verbose request uri https://registry.npmjs.org/eq_module_scafold
31 verbose request sending authorization for write operation
32 info attempt registry request try #1 at 11:50:10 AM
33 verbose request using bearer token for auth
34 verbose request id ea0f589c33cb74bd
35 http request PUT https://registry.npmjs.org/eq_module_scafold
36 http 403 https://registry.npmjs.org/eq_module_scafold
37 verbose headers { 'content-type': 'application/json',
37 verbose headers   'cache-control': 'max-age=300',
37 verbose headers   'content-length': '95',
37 verbose headers   'accept-ranges': 'bytes',
37 verbose headers   date: 'Thu, 23 Jun 2016 06:20:10 GMT',
37 verbose headers   via: '1.1 varnish',
37 verbose headers   connection: 'keep-alive',
37 verbose headers   'x-served-by': 'cache-sin6927-SIN',
37 verbose headers   'x-cache': 'MISS',
37 verbose headers   'x-cache-hits': '0',
37 verbose headers   'x-timer': 'S1466662809.250381,VS0,VE867',
37 verbose headers   vary: 'Accept-Encoding' }
38 verbose request invalidating /Users/vishnumishra/.npm/registry.npmjs.org/eq_module_scafold on PUT
39 error publish Failed PUT 403
40 verbose stack Error: "You cannot publish over the previously published version 0.0.1." : eq_module_scafold
40 verbose stack     at makeError (/usr/local/lib/node_modules/npm/node_modules/npm-registry-client/lib/request.js:264:12)
40 verbose stack     at CachingRegistryClient.<anonymous> (/usr/local/lib/node_modules/npm/node_modules/npm-registry-client/lib/request.js:252:14)
40 verbose stack     at Request._callback (/usr/local/lib/node_modules/npm/node_modules/npm-registry-client/lib/request.js:172:14)
40 verbose stack     at Request.self.callback (/usr/local/lib/node_modules/npm/node_modules/request/request.js:199:22)
40 verbose stack     at emitTwo (events.js:87:13)
40 verbose stack     at Request.emit (events.js:172:7)
40 verbose stack     at Request.<anonymous> (/usr/local/lib/node_modules/npm/node_modules/request/request.js:1036:10)
40 verbose stack     at emitOne (events.js:82:20)
40 verbose stack     at Request.emit (events.js:169:7)
40 verbose stack     at IncomingMessage.<anonymous> (/usr/local/lib/node_modules/npm/node_modules/request/request.js:963:12)
41 verbose statusCode 403
42 verbose pkgid eq_module_scafold
43 verbose cwd /Users/vishnumishra/Documents/eqtribe Projects/fpo/eq_module_scafold
44 error Darwin 15.5.0
45 error argv "/usr/local/bin/node" "/usr/local/bin/npm" "publish"
46 error node v4.2.6
47 error npm  v3.8.3
48 error code E403
49 error "You cannot publish over the previously published version 0.0.1." : eq_module_scafold
50 error If you need help, you may report this error at:
50 error     <https://github.com/npm/npm/issues>
51 verbose exit [ 1, true ]
